IgnoreDupes:WARNING:Plugin 'ignore_dupes' active. Some duplicated card warnings may be surpressed.
IgnoreDupes:WARNING:Verbose Log will be saved at /Users/witt/Library/Application Support/Anki2/addons/ignore_dupes_files/ignore_dupes.log
IgnoreDupes:DEBUG:key field = '鼻烟壶'
IgnoreDupes:DEBUG:other_note_ids: []
IgnoreDupes:DEBUG:Did not find any notes with the same key field checksum as self.
IgnoreDupes:DEBUG:key field = '鼻烟壶'
IgnoreDupes:DEBUG:other_note_ids: []
IgnoreDupes:DEBUG:Did not find any notes with the same key field checksum as self.
IgnoreDupes:DEBUG:key field = '鼻烟壶'
IgnoreDupes:DEBUG:other_note_ids: []
IgnoreDupes:DEBUG:Did not find any notes with the same key field checksum as self.
IgnoreDupes:DEBUG:key field = '鼻烟壶'
IgnoreDupes:DEBUG:other_note_ids: []
IgnoreDupes:DEBUG:Did not find any notes with the same key field checksum as self.
IgnoreDupes:DEBUG:key field = '鼻烟壶'
IgnoreDupes:DEBUG:other_note_ids: []
IgnoreDupes:DEBUG:Did not find any notes with the same key field checksum as self.
IgnoreDupes:DEBUG:key field = '鼻烟壶'
IgnoreDupes:DEBUG:other_note_ids: []
IgnoreDupes:DEBUG:Did not find any notes with the same key field checksum as self.
IgnoreDupes:DEBUG:key field = '龙'
IgnoreDupes:DEBUG:other_note_ids: []
IgnoreDupes:DEBUG:Did not find any notes with the same key field checksum as self.
IgnoreDupes:DEBUG:key field = '龙'
IgnoreDupes:DEBUG:other_note_ids: []
IgnoreDupes:DEBUG:Did not find any notes with the same key field checksum as self.
IgnoreDupes:DEBUG:key field = '齐全'
IgnoreDupes:DEBUG:other_note_ids: []
IgnoreDupes:DEBUG:Did not find any notes with the same key field checksum as self.
IgnoreDupes:DEBUG:key field = '齐全'
IgnoreDupes:DEBUG:other_note_ids: []
IgnoreDupes:DEBUG:Did not find any notes with the same key field checksum as self.
